<?xml version="1.0" encoding="UTF-8"?>
<robot generator="Robot 6.1.1 (Python 3.10.12 on win32)" generated="20240117 14:59:53.768" rpa="false" schemaversion="4">
<suite id="s1" name="Firstrobot V3" source="d:\Dev\Test Logiciel\CT-automatis--main\firstrobot_v3.robot">
<test id="s1-t1" name="Login Page test" line="80">
<kw name="Slow execution" type="SETUP">
<kw name="Set Selenium Implicit Wait" library="SeleniumLibrary">
<arg>2 seconds</arg>
<doc>Sets the implicit wait value used by Selenium.</doc>
<status status="PASS" starttime="20240117 14:59:54.339" endtime="20240117 14:59:54.341"/>
</kw>
<status status="PASS" starttime="20240117 14:59:54.337" endtime="20240117 14:59:54.341"/>
</kw>
<kw name="Open browser to Login Page">
<kw name="Open Browser" library="SeleniumLibrary">
<arg>${url}</arg>
<arg>${browser}</arg>
<doc>Opens a new browser instance to the optional ``url``.</doc>
<msg timestamp="20240117 14:59:54.345" level="INFO">Opening browser 'firefox' to base url 'https://katalon-demo-cura.herokuapp.com'.</msg>
<status status="PASS" starttime="20240117 14:59:54.344" endtime="20240117 15:00:00.819"/>
</kw>
<kw name="Maximize Browser Window" library="SeleniumLibrary">
<doc>Maximizes current browser window.</doc>
<status status="PASS" starttime="20240117 15:00:00.819" endtime="20240117 15:00:01.089"/>
</kw>
<status status="PASS" starttime="20240117 14:59:54.342" endtime="20240117 15:00:01.089"/>
</kw>
<kw name="End of Test and Close browser">
<kw name="Sleep" library="BuiltIn">
<arg>5</arg>
<doc>Pauses the test executed for the given time.</doc>
<msg timestamp="20240117 15:00:06.102" level="INFO">Slept 5 seconds</msg>
<status status="PASS" starttime="20240117 15:00:01.092" endtime="20240117 15:00:06.103"/>
</kw>
<kw name="Close Browser" library="SeleniumLibrary">
<doc>Closes the current browser.</doc>
<status status="PASS" starttime="20240117 15:00:06.103" endtime="20240117 15:00:08.766"/>
</kw>
<status status="PASS" starttime="20240117 15:00:01.091" endtime="20240117 15:00:08.767"/>
</kw>
<kw name="End of Test and Close browser" type="TEARDOWN">
<kw name="Sleep" library="BuiltIn">
<arg>5</arg>
<doc>Pauses the test executed for the given time.</doc>
<msg timestamp="20240117 15:00:13.778" level="INFO">Slept 5 seconds</msg>
<status status="PASS" starttime="20240117 15:00:08.771" endtime="20240117 15:00:13.779"/>
</kw>
<kw name="Close Browser" library="SeleniumLibrary">
<doc>Closes the current browser.</doc>
<status status="PASS" starttime="20240117 15:00:13.779" endtime="20240117 15:00:13.780"/>
</kw>
<status status="PASS" starttime="20240117 15:00:08.769" endtime="20240117 15:00:13.781"/>
</kw>
<status status="PASS" starttime="20240117 14:59:54.334" endtime="20240117 15:00:13.782"/>
</test>
<test id="s1-t2" name="Book appointment test with existing user" line="85">
<kw name="Slow execution" type="SETUP">
<kw name="Set Selenium Implicit Wait" library="SeleniumLibrary">
<arg>2 seconds</arg>
<doc>Sets the implicit wait value used by Selenium.</doc>
<status status="PASS" starttime="20240117 15:00:13.787" endtime="20240117 15:00:13.788"/>
</kw>
<status status="PASS" starttime="20240117 15:00:13.786" endtime="20240117 15:00:13.789"/>
</kw>
<kw name="Open browser to Login Page">
<kw name="Open Browser" library="SeleniumLibrary">
<arg>${url}</arg>
<arg>${browser}</arg>
<doc>Opens a new browser instance to the optional ``url``.</doc>
<msg timestamp="20240117 15:00:13.794" level="INFO">Opening browser 'firefox' to base url 'https://katalon-demo-cura.herokuapp.com'.</msg>
<status status="PASS" starttime="20240117 15:00:13.792" endtime="20240117 15:00:20.095"/>
</kw>
<kw name="Maximize Browser Window" library="SeleniumLibrary">
<doc>Maximizes current browser window.</doc>
<status status="PASS" starttime="20240117 15:00:20.095" endtime="20240117 15:00:20.362"/>
</kw>
<status status="PASS" starttime="20240117 15:00:13.790" endtime="20240117 15:00:20.362"/>
</kw>
<kw name="Login to Book Appointment">
<arg>John Doe</arg>
<arg>ThisIsNotAPassword</arg>
<arg>&amp;{JDD1}{facility}</arg>
<arg>&amp;{JDD2}{program}</arg>
<kw name="Click Element" library="SeleniumLibrary">
<arg>id:btn-make-appointment</arg>
<doc>Click the element identified by ``locator``.</doc>
<msg timestamp="20240117 15:00:20.367" level="INFO">Clicking element 'id:btn-make-appointment'.</msg>
<status status="PASS" starttime="20240117 15:00:20.366" endtime="20240117 15:00:20.543"/>
</kw>
<kw name="Input Text" library="SeleniumLibrary">
<arg>name:username</arg>
<arg>${login}</arg>
<doc>Types the given ``text`` into the text field identified by ``locator``.</doc>
<msg timestamp="20240117 15:00:20.546" level="INFO">Typing text 'John Doe' into text field 'name:username'.</msg>
<status status="PASS" starttime="20240117 15:00:20.543" endtime="20240117 15:00:20.583"/>
</kw>
<kw name="Input Text" library="SeleniumLibrary">
<arg>name:password</arg>
<arg>${password}</arg>
<doc>Types the given ``text`` into the text field identified by ``locator``.</doc>
<msg timestamp="20240117 15:00:20.586" level="INFO">Typing text 'ThisIsNotAPassword' into text field 'name:password'.</msg>
<status status="PASS" starttime="20240117 15:00:20.585" endtime="20240117 15:00:20.607"/>
</kw>
<kw name="Click Button" library="SeleniumLibrary">
<arg>id:btn-login</arg>
<doc>Clicks the button identified by ``locator``.</doc>
<msg timestamp="20240117 15:00:20.609" level="INFO">Clicking button 'id:btn-login'.</msg>
<status status="PASS" starttime="20240117 15:00:20.608" endtime="20240117 15:00:20.856"/>
</kw>
<status status="PASS" starttime="20240117 15:00:20.363" endtime="20240117 15:00:20.857"/>
</kw>
<kw name="Book Appointment">
<kw name="Element Should Be Visible" library="SeleniumLibrary">
<arg>id:combo_facility</arg>
<doc>Verifies that the element identified by ``locator`` is visible.</doc>
<msg timestamp="20240117 15:00:20.876" level="INFO">Element 'id:combo_facility' is displayed.</msg>
<status status="PASS" starttime="20240117 15:00:20.858" endtime="20240117 15:00:20.876"/>
</kw>
<kw name="Click Element" library="SeleniumLibrary">
<arg>id:combo_facility</arg>
<doc>Click the element identified by ``locator``.</doc>
<msg timestamp="20240117 15:00:20.878" level="INFO">Clicking element 'id:combo_facility'.</msg>
<status status="PASS" starttime="20240117 15:00:20.877" endtime="20240117 15:00:21.107"/>
</kw>
<kw name="Select From List By Value" library="SeleniumLibrary">
<arg>id:combo_facility</arg>
<arg>${facility}</arg>
<doc>Selects options from selection list ``locator`` by ``values``.</doc>
<msg timestamp="20240117 15:00:21.110" level="INFO">Selecting options from selection list 'id:combo_facility' by value Hongkong CURA Healthcare Center.</msg>
<status status="PASS" starttime="20240117 15:00:21.108" endtime="20240117 15:00:21.349"/>
</kw>
<kw name="Element Should Be Visible" library="SeleniumLibrary">
<arg>id:chk_hospotal_readmission</arg>
<doc>Verifies that the element identified by ``locator`` is visible.</doc>
<msg timestamp="20240117 15:00:21.361" level="INFO">Element 'id:chk_hospotal_readmission' is displayed.</msg>
<status status="PASS" starttime="20240117 15:00:21.349" endtime="20240117 15:00:21.362"/>
</kw>
<kw name="Select Checkbox" library="SeleniumLibrary">
<arg>id:chk_hospotal_readmission</arg>
<doc>Selects the checkbox identified by ``locator``.</doc>
<msg timestamp="20240117 15:00:21.363" level="INFO">Selecting checkbox 'id:chk_hospotal_readmission'.</msg>
<status status="PASS" starttime="20240117 15:00:21.362" endtime="20240117 15:00:21.592"/>
</kw>
<kw name="Select Radio Button" library="SeleniumLibrary">
<arg>programs</arg>
<arg>${program}</arg>
<doc>Sets the radio button group ``group_name`` to ``value``.</doc>
<msg timestamp="20240117 15:00:21.594" level="INFO">Selecting 'Medicaid' from radio button 'programs'.</msg>
<status status="PASS" starttime="20240117 15:00:21.593" endtime="20240117 15:00:21.810"/>
</kw>
<kw name="Input Text" library="SeleniumLibrary">
<arg>id:txt_visit_date</arg>
<arg>${visitDate}</arg>
<doc>